[debug] [2024-08-29T03:36:36.065Z] ----------------------------------------------------------------------
[debug] [2024-08-29T03:36:36.067Z] Command:       C:\Program Files\nodejs\node.exe C:\Users\devsk\AppData\Roaming\npm\node_modules\firebase-tools\lib\bin\firebase.js init
[debug] [2024-08-29T03:36:36.068Z] CLI Version:   13.16.0
[debug] [2024-08-29T03:36:36.068Z] Platform:      win32
[debug] [2024-08-29T03:36:36.068Z] Node Version:  v20.17.0
[debug] [2024-08-29T03:36:36.068Z] Time:          Thu Aug 29 2024 09:06:36 GMT+0530 (India Standard Time)
[debug] [2024-08-29T03:36:36.068Z] ----------------------------------------------------------------------
[debug] 
[debug] [2024-08-29T03:36:36.071Z] >>> [apiv2][query] GET https://firebase-public.firebaseio.com/cli.json [none]
[debug] [2024-08-29T03:36:36.114Z] > command requires scopes: ["email","openid","https://www.googleapis.com/auth/cloudplatformprojects.readonly","https://www.googleapis.com/auth/firebase","https://www.googleapis.com/auth/cloud-platform"]
[debug] [2024-08-29T03:36:36.115Z] > authorizing via signed-in user (saurabhcomputercoder@gmail.com)
[info] 
     ######## #### ########  ######## ########     ###     ######  ########
     ##        ##  ##     ## ##       ##     ##  ##   ##  ##       ##
     ######    ##  ########  ######   ########  #########  ######  ######
     ##        ##  ##    ##  ##       ##     ## ##     ##       ## ##
     ##       #### ##     ## ######## ########  ##     ##  ######  ########

You're about to initialize a Firebase project in this directory:

  C:\Users\devsk\WebstormProjects\platform10xv3

[debug] [2024-08-29T03:36:36.776Z] <<< [apiv2][status] GET https://firebase-public.firebaseio.com/cli.json 200
[debug] [2024-08-29T03:36:36.776Z] <<< [apiv2][body] GET https://firebase-public.firebaseio.com/cli.json {"cloudBuildErrorAfter":1594252800000,"cloudBuildWarnAfter":1590019200000,"defaultNode10After":1594252800000,"minVersion":"3.0.5","node8DeploysDisabledAfter":1613390400000,"node8RuntimeDisabledAfter":1615809600000,"node8WarnAfter":1600128000000}
